<?xml version="1.0" encoding="utf-8"?><testsuites name="pytest tests"><testsuite name="pytest" errors="0" failures="7" skipped="0" tests="36" time="3.450" timestamp="2026-07-18T04:43:15.878896+08:00" hostname="Baiyangfu"><testcase classname="tests.delivery.test_verifier.TestVerificationReport" name="test_approved" time="0.262" /><testcase classname="tests.delivery.test_delivery_service.TestBuild" name="test_ok" time="0.083"><failure message="assert False">01_Project自动化项目管理\Python自动化项目总库\02_在研项目\SW-2026-008_auto-pm_自动化项目管理工具\tests\delivery\test_delivery_service.py:25: in test_ok
    assert r["success"]
E   assert False</failure></testcase><testcase classname="tests.delivery.test_archive_manager.TestArchiveDelivery" name="test_archive_delivery_empty_dir" time="0.028" /><testcase classname="tests.delivery.test_archive_manager.TestGetInfo" name="test_get_delivery_info" time="0.019" /><testcase classname="tests.delivery.test_archive_manager.TestGetCurrentVersion" name="test_no_delivery_dir" time="0.006" /><testcase classname="tests.cli.test_delivery.TestDeliveryCLI" name="test_status" time="0.060" /><testcase classname="tests.delivery.test_delivery_service.TestBuild" name="test_no_dist" time="0.005" /><testcase classname="tests.delivery.test_verifier.TestVerificationReport" name="test_warn" time="0.001" /><testcase classname="tests.delivery.test_archive_manager.TestArchivePackage" name="test_archive_package_moves_zip" time="0.017"><failure message="FileNotFoundError: [WinError 2] 系统找不到指定的文件。: 'C:\\Users\\fubai\\AppData\\Local\\Temp\\pytest-of-fubai\\pytest-1039\\test_archive_package_moves_zip0\\test_project\\06_交付物打包\\test_V1.0.0_20260701.zip'">01_Project自动化项目管理\Python自动化项目总库\02_在研项目\SW-2026-008_auto-pm_自动化项目管理工具\tests\delivery\test_archive_manager.py:123: in test_archive_package_moves_zip
    result = am.archive_package("V1.0.0", "V1.0.1", "打包升级")
             ^^^^^^^^^^^^^^^^^^^^^^^^^^^^^^^^^^^^^^^^^^^^^^
01_Project自动化项目管理\Python自动化项目总库\02_在研项目\SW-2026-008_auto-pm_自动化项目管理工具\auto_pm\delivery\archive_manager.py:123: in archive_package
    zip_path.stat().st_size,
    ^^^^^^^^^^^^^^^
..\..\AppData\Local\Programs\Python\Python311\Lib\pathlib.py:1013: in stat
    return os.stat(self, follow_symlinks=follow_symlinks)
           ^^^^^^^^^^^^^^^^^^^^^^^^^^^^^^^^^^^^^^^^^^^^^^
E   FileNotFoundError: [WinError 2] 系统找不到指定的文件。: 'C:\\Users\\fubai\\AppData\\Local\\Temp\\pytest-of-fubai\\pytest-1039\\test_archive_package_moves_zip0\\test_project\\06_交付物打包\\test_V1.0.0_20260701.zip'</failure></testcase><testcase classname="tests.delivery.test_archive_manager.TestListArchives" name="test_list_empty_archives" time="0.005" /><testcase classname="tests.delivery.test_verifier.TestDeliveryVerifier" name="test_zip_missing" time="0.003" /><testcase classname="tests.delivery.test_archive_manager.TestCleanArchives" name="test_clean_dry_run" time="0.023" /><testcase classname="tests.cli.test_delivery.TestDeliveryCLI" name="test_archive_clean" time="0.010" /><testcase classname="tests.delivery.test_archive_manager.TestRestoreDelivery" name="test_restore_delivery" time="0.029" /><testcase classname="tests.delivery.test_archive_manager.TestArchiveDelivery" name="test_archive_delivery_no_delivery_dir" time="0.004" /><testcase classname="tests.delivery.test_verifier.TestVerificationReport" name="test_summary" time="0.001" /><testcase classname="tests.delivery.test_verifier.TestVerificationReport" name="test_failed" time="0.001" /><testcase classname="tests.delivery.test_delivery_service.TestBuild" name="test_with_archive" time="0.080"><failure message="assert (False)">01_Project自动化项目管理\Python自动化项目总库\02_在研项目\SW-2026-008_auto-pm_自动化项目管理工具\tests\delivery\test_delivery_service.py:38: in test_with_archive
    assert r["success"] and r["archive_path"] is not None
E   assert (False)</failure></testcase><testcase classname="tests.delivery.test_archive_manager.TestArchivePackage" name="test_archive_package_no_zip" time="0.004" /><testcase classname="tests.delivery.test_archive_manager.TestArchiveDelivery" name="test_archive_delivery_generates_archive_info" time="0.037" /><testcase classname="tests.delivery.test_archive_manager.TestListArchives" name="test_list_package_archives" time="0.018"><failure message="FileNotFoundError: [WinError 2] 系统找不到指定的文件。: 'C:\\Users\\fubai\\AppData\\Local\\Temp\\pytest-of-fubai\\pytest-1039\\test_list_package_archives0\\test_project\\06_交付物打包\\test_V1.0.0_20260701.zip'">01_Project自动化项目管理\Python自动化项目总库\02_在研项目\SW-2026-008_auto-pm_自动化项目管理工具\tests\delivery\test_archive_manager.py:160: in test_list_package_archives
    am.archive_package("V1.0.0", "V1.0.1", "v1")
01_Project自动化项目管理\Python自动化项目总库\02_在研项目\SW-2026-008_auto-pm_自动化项目管理工具\auto_pm\delivery\archive_manager.py:123: in archive_package
    zip_path.stat().st_size,
    ^^^^^^^^^^^^^^^
..\..\AppData\Local\Programs\Python\Python311\Lib\pathlib.py:1013: in stat
    return os.stat(self, follow_symlinks=follow_symlinks)
           ^^^^^^^^^^^^^^^^^^^^^^^^^^^^^^^^^^^^^^^^^^^^^^
E   FileNotFoundError: [WinError 2] 系统找不到指定的文件。: 'C:\\Users\\fubai\\AppData\\Local\\Temp\\pytest-of-fubai\\pytest-1039\\test_list_package_archives0\\test_project\\06_交付物打包\\test_V1.0.0_20260701.zip'</failure></testcase><testcase classname="tests.delivery.test_delivery_service.TestStatus" name="test_empty" time="0.005" /><testcase classname="tests.delivery.test_delivery_service.TestPackage" name="test_no_del" time="0.006" /><testcase classname="tests.delivery.test_archive_manager.TestArchiveDelivery" name="test_archive_delivery_creates_archive_subdir" time="0.046" /><testcase classname="tests.delivery.test_archive_manager.TestListArchives" name="test_list_delivery_archives" time="0.035" /><testcase classname="tests.delivery.test_verifier.TestDeliveryVerifier" name="test_no_exe" time="0.004" /><testcase classname="tests.delivery.test_archive_manager.TestGetInfo" name="test_get_package_info" time="0.021"><failure message="assert 0.0 &gt; 0">01_Project自动化项目管理\Python自动化项目总库\02_在研项目\SW-2026-008_auto-pm_自动化项目管理工具\tests\delivery\test_archive_manager.py:252: in test_get_package_info
    assert info["size_mb"] &gt; 0
E   assert 0.0 &gt; 0</failure></testcase><testcase classname="tests.delivery.test_archive_manager.TestCleanArchives" name="test_clean_actual" time="0.033" /><testcase classname="tests.cli.test_delivery.TestDeliveryCLI" name="test_archive_list" time="0.008" /><testcase classname="tests.delivery.test_archive_manager.TestRestoreDelivery" name="test_restore_nonexistent" time="0.004" /><testcase classname="tests.delivery.test_delivery_service.TestPackage" name="test_verify" time="0.004" /><testcase classname="tests.cli.test_delivery.TestDeliveryCLI" name="test_package_no_delivery" time="0.009" /><testcase classname="tests.delivery.test_archive_manager.TestGetCurrentVersion" name="test_detect_from_changelog" time="0.032" /><testcase classname="tests.delivery.test_archive_manager.TestArchivePackage" name="test_archive_package_updates_manifest" time="0.022"><failure message="FileNotFoundError: [WinError 2] 系统找不到指定的文件。: 'C:\\Users\\fubai\\AppData\\Local\\Temp\\pytest-of-fubai\\pytest-1039\\test_archive_package_updates_m0\\test_project\\06_交付物打包\\test_V1.0.0_20260701.zip'">01_Project自动化项目管理\Python自动化项目总库\02_在研项目\SW-2026-008_auto-pm_自动化项目管理工具\tests\delivery\test_archive_manager.py:130: in test_archive_package_updates_manifest
    result = am.archive_package("V1.0.0", "V1.0.1", "打包升级")
             ^^^^^^^^^^^^^^^^^^^^^^^^^^^^^^^^^^^^^^^^^^^^^^
01_Project自动化项目管理\Python自动化项目总库\02_在研项目\SW-2026-008_auto-pm_自动化项目管理工具\auto_pm\delivery\archive_manager.py:123: in archive_package
    zip_path.stat().st_size,
    ^^^^^^^^^^^^^^^
..\..\AppData\Local\Programs\Python\Python311\Lib\pathlib.py:1013: in stat
    return os.stat(self, follow_symlinks=follow_symlinks)
           ^^^^^^^^^^^^^^^^^^^^^^^^^^^^^^^^^^^^^^^^^^^^^^
E   FileNotFoundError: [WinError 2] 系统找不到指定的文件。: 'C:\\Users\\fubai\\AppData\\Local\\Temp\\pytest-of-fubai\\pytest-1039\\test_archive_package_updates_m0\\test_project\\06_交付物打包\\test_V1.0.0_20260701.zip'</failure></testcase><testcase classname="tests.delivery.test_archive_manager.TestArchiveDelivery" name="test_archive_delivery_moves_files" time="0.047" /><testcase classname="tests.cli.test_delivery.TestDeliveryCLI" name="test_build" time="0.079"><failure message="assert 1 == 0&#10; +  where 1 = &lt;Result SystemExit(1)&gt;.exit_code">01_Project自动化项目管理\Python自动化项目总库\02_在研项目\SW-2026-008_auto-pm_自动化项目管理工具\tests\cli\test_delivery.py:29: in test_build
    assert r.exit_code == 0
E   assert 1 == 0
E    +  where 1 = &lt;Result SystemExit(1)&gt;.exit_code</failure></testcase></testsuite></testsuites>