<?xml version="1.0" encoding="utf-8"?><testsuites name="pytest tests"><testsuite name="pytest" errors="0" failures="0" skipped="0" tests="82" time="2.330" timestamp="2026-08-02T03:00:05.029555+08:00" hostname="Baiyangfu"><testcase classname="tests.plc.test_repairer.TestRepairWorkspace" name="test_repair_workspace_skips_passing" time="0.373" /><testcase classname="tests.plc.test_checker.TestPythonProjectNotApplicable" name="test_python_project_no_pyproject_no_plc_json_runs_checks" time="0.011" /><testcase classname="tests.plc.test_repairer.TestRepairProject" name="test_repair_missing_std_dirs" time="0.030" /><testcase classname="tests.plc.test_repairer.TestRepairProject" name="test_repair_creates_plc_json_under_plc_st_when_directory_exists" time="0.047" /><testcase classname="tests.plc.test_spec_snapshot.TestLoadSpecRegistry" name="test_load_spec_registry_missing" time="0.005" /><testcase classname="tests.plc.test_spec_snapshot.TestLoadSpecRegistry" name="test_load_spec_registry_normal_dict_form" time="0.007" /><testcase classname="tests.plc.test_spec_snapshot.TestCompareVersions" name="test_compare_versions_no_drift" time="0.001" /><testcase classname="tests.plc.test_checker_spec_snapshot.TestSpecSnapshotCheck" name="test_spec_snapshot_major_drift" time="0.016" /><testcase classname="tests.plc.test_checker.TestCheckWorkspace" name="test_check_workspace" time="0.025" /><testcase classname="tests.plc.test_repairer.TestStandardizeDocs" name="test_standardize_docs_apply" time="0.017" /><testcase classname="tests.plc.test_repairer.TestRepairWorkspace" name="test_repair_workspace" time="0.033" /><testcase classname="tests.plc.test_checker.TestCheckProject" name="test_check_invalid_plc_json" time="0.014" /><testcase classname="tests.plc.test_checker.TestEdgeCases" name="test_check_pm_session_name_mismatch" time="0.013" /><testcase classname="tests.plc.test_spec_snapshot.TestCompareVersions" name="test_compare_versions_missing_in_registry" time="0.001" /><testcase classname="tests.plc.test_spec_snapshot.TestCompareVersions" name="test_compare_versions_major" time="0.002" /><testcase classname="tests.plc.test_service.TestPlcServiceCheck" name="test_check_with_fix_flag" time="0.059" /><testcase classname="tests.plc.test_checker.TestEdgeCases" name="test_check_project_no_plc_json_no_pm_session" time="0.011" /><testcase classname="tests.plc.test_repairer.TestStandardizeWorkspace" name="test_standardize_workspace_apply" time="0.028" /><testcase classname="tests.plc.test_repairer.TestRepairProject" name="test_repair_complete_project_no_fixes" time="0.028" /><testcase classname="tests.plc.test_spec_snapshot.TestParseSpecSnapshot" name="test_parse_spec_snapshot_column_variants" time="0.007" /><testcase classname="tests.plc.test_spec_snapshot.TestParseSpecSnapshot" name="test_parse_spec_snapshot_standard" time="0.007" /><testcase classname="tests.plc.test_checker.TestCheckWorkspace" name="test_check_workspace_multiple_projects" time="0.020" /><testcase classname="tests.plc.test_template_generation.TestTemplateGeneration" name="test_plc_shared_library_template_structure" time="0.002" /><testcase classname="tests.plc.test_checker.TestEdgeCases" name="test_check_project_with_libraries_warn" time="0.012" /><testcase classname="tests.plc.test_template_generation.TestTemplateGeneration" name="test_plc_test_suite_template_structure" time="0.002" /><testcase classname="tests.plc.test_service.TestPlcServiceProtocolConformance" name="test_plc_service_implements_protocol" time="0.004" /><testcase classname="tests.plc.test_service.TestPlcServiceRepair" name="test_repair_dry_run" time="0.012" /><testcase classname="tests.plc.test_repairer.TestStandardizeDocs" name="test_standardize_docs_no_prd_dir" time="0.007" /><testcase classname="tests.plc.test_e2e_plc_workflow.TestE2ePlcWorkflow" name="test_init_check_repair_check_workflow[shared-library-plc-shared-library]" time="0.058" /><testcase classname="tests.plc.test_repairer.TestStandardizeDocs" name="test_standardize_docs_preview" time="0.015" /><testcase classname="tests.plc.test_template_generation.TestTemplateGeneration" name="test_plc_standard_project_includes_week2_assets_and_overview" time="0.002" /><testcase classname="tests.plc.test_spec_snapshot.TestParseSpecSnapshot" name="test_parse_spec_snapshot_non_standard_mismatched_header" time="0.007" /><testcase classname="tests.plc.test_checker.TestPythonProjectNotApplicable" name="test_not_applicable_reason_text" time="0.007" /><testcase classname="tests.plc.test_service.TestPlcServiceCheckSubstance" name="test_check_substance_returns_check_result" time="0.011" /><testcase classname="tests.plc.test_checker.TestPythonProjectNotApplicable" name="test_python_project_no_checks_run" time="0.007" /><testcase classname="tests.plc.test_checker.TestCheckProject" name="test_check_project_missing_plc_json" time="0.013" /><testcase classname="tests.plc.test_repairer.TestRepairProject" name="test_repair_missing_plc_json" time="0.039" /><testcase classname="tests.plc.test_template_generation.TestTemplateGeneration" name="test_list_templates_includes_3_plc_templates" time="0.003" /><testcase classname="tests.plc.test_checker.TestCheckProject" name="test_check_legacy_prd_docs_in_plc_st_prd" time="0.035" /><testcase classname="tests.plc.test_repairer_spec_snapshot.TestRepairSpecSnapshot" name="test_repair_spec_snapshot_no_drift" time="0.011" /><testcase classname="tests.plc.test_spec_snapshot.TestLoadSpecRegistry" name="test_load_spec_registry_normal_list_form" time="0.018" /><testcase classname="tests.plc.test_spec_snapshot.TestCompareVersions" name="test_compare_versions_multiple_drifts" time="0.001" /><testcase classname="tests.plc.test_checker_spec_snapshot.TestSpecSnapshotCheck" name="test_spec_snapshot_no_drift" time="0.018" /><testcase classname="tests.plc.test_repairer.TestStandardizeDocs" name="test_standardize_docs_already_standard" time="0.020" /><testcase classname="tests.plc.test_template_generation.TestTemplateGeneration" name="test_plc_standard_project_has_12_std_dirs" time="0.004" /><testcase classname="tests.plc.test_spec_snapshot.TestCompareVersions" name="test_compare_versions_snapshot_subset" time="0.001" /><testcase classname="tests.plc.test_e2e_plc_workflow.TestE2ePlcWorkflow" name="test_init_check_repair_check_workflow[test-suite-plc-test-suite]" time="0.057" /><testcase classname="tests.plc.test_spec_snapshot.TestLoadSpecRegistry" name="test_load_spec_registry_invalid_json" time="0.012" /><testcase classname="tests.plc.test_template_generation.TestTemplateGeneration" name="test_plc_standard_project_template_structure" time="0.002" /><testcase classname="tests.plc.test_service.TestPlcServiceCheck" name="test_check_returns_check_result" time="0.013" /><testcase classname="tests.plc.test_checker.TestCheckProject" name="test_check_project" time="0.026" /><testcase classname="tests.plc.test_checker.TestCheckProject" name="test_check_missing_std_dirs" time="0.020" /><testcase classname="tests.plc.test_checker.TestPythonProjectNotApplicable" name="test_python_project_with_plc_json_still_checked" time="0.015" /><testcase classname="tests.plc.test_repairer.TestRepairProject" name="test_repair_rename_confirm_skipped_without_flag" time="0.049" /><testcase classname="tests.plc.test_service.TestPlcServiceProtocolConformance" name="test_plc_service_has_required_methods" time="0.005" /><testcase classname="tests.plc.test_checker_spec_snapshot.TestSpecSnapshotCheck" name="test_spec_snapshot_minor_drift" time="0.017" /><testcase classname="tests.plc.test_checker.TestCheckProject" name="test_check_all_pass" time="0.022" /><testcase classname="tests.plc.test_spec_snapshot.TestCompareVersions" name="test_compare_versions_patch" time="0.001" /><testcase classname="tests.plc.test_repairer_spec_snapshot.TestRepairSpecSnapshot" name="test_repair_spec_snapshot_auto_fix" time="0.021" /><testcase classname="tests.plc.test_checker.TestCheckProject" name="test_check_syslib_fb_project" time="0.010" /><testcase classname="tests.plc.test_spec_snapshot.TestParseSpecSnapshot" name="test_parse_spec_snapshot_non_standard_no_table" time="0.007" /><testcase classname="tests.plc.test_repairer.TestStandardizeWorkspace" name="test_standardize_workspace" time="0.024" /><testcase classname="tests.plc.test_checker.TestPythonProjectNotApplicable" name="test_python_project_with_pyproject_no_plc_json" time="0.007" /><testcase classname="tests.plc.test_checker_spec_snapshot.TestSpecSnapshotCheck" name="test_spec_snapshot_registry_missing" time="0.014" /><testcase classname="tests.plc.test_repairer.TestRepairProject" name="test_repair_missing_prd_dir" time="0.031" /><testcase classname="tests.plc.test_spec_snapshot.TestCompareVersions" name="test_compare_versions_minor" time="0.001" /><testcase classname="tests.plc.test_e2e_plc_workflow.TestE2ePlcWorkflow" name="test_init_check_repair_check_workflow[standard-project-plc-standard-project]" time="0.074" /><testcase classname="tests.plc.test_checker.TestCheckProject" name="test_check_legacy_project_without_root_prd_dir" time="0.030" /><testcase classname="tests.plc.test_repairer.TestRepairProject" name="test_repair_plc_json_missing_fields" time="0.051" /><testcase classname="tests.plc.test_repairer.TestRepairProject" name="test_repair_dry_run" time="0.016" /><testcase classname="tests.plc.test_checker.TestCheckProject" name="test_check_missing_prd_directory" time="0.014" /><testcase classname="tests.plc.test_repairer.TestRepairProject" name="test_repair_rename_confirm_with_flag" time="0.058" /><testcase classname="tests.plc.test_repairer_spec_snapshot.TestRepairSpecSnapshot" name="test_repair_spec_snapshot_missing_table" time="0.011" /><testcase classname="tests.plc.test_service.TestPlcServiceStandardize" name="test_standardize_dry_run" time="0.008" /><testcase classname="tests.plc.test_checker_spec_snapshot.TestSpecSnapshotCheck" name="test_spec_snapshot_missing_table" time="0.017" /><testcase classname="tests.plc.test_repairer_spec_snapshot.TestRepairSpecSnapshot" name="test_repair_spec_snapshot_dry_run" time="0.011" /><testcase classname="tests.plc.test_spec_snapshot.TestParseSpecSnapshot" name="test_parse_spec_snapshot_no_heading" time="0.007" /><testcase classname="tests.plc.test_repairer.TestRepairProject" name="test_repair_missing_pm_session" time="0.066" /><testcase classname="tests.plc.test_checker.TestEdgeCases" name="test_check_malformed_plc_json" time="0.011" /><testcase classname="tests.plc.test_checker.TestCheckProject" name="test_check_nonstandard_prd_names" time="0.020" /><testcase classname="tests.plc.test_spec_snapshot.TestParseSpecSnapshot" name="test_parse_spec_snapshot_file_not_found" time="0.006" /><testcase classname="tests.plc.test_spec_snapshot.TestDriftItem" name="test_drift_item_fields" time="0.001" /></testsuite></testsuites>